2023-04-14 07:36:06.028 WARNING (SyncWorker_0) [homeassistant.loader] We found a custom integration odense_reno which has not been tested by Home Assistant. This component might cause stability problems, be sure to disable it if you experience issues with Home Assistant
2023-04-14 07:36:06.143 INFO (MainThread) [homeassistant.setup] Setup of domain logger took 0.0 seconds
2023-04-14 07:36:06.145 INFO (MainThread) [homeassistant.bootstrap] Setting up frontend: {'frontend'}
2023-04-14 07:36:06.157 INFO (MainThread) [homeassistant.setup] Setting up device_automation
2023-04-14 07:36:06.158 INFO (MainThread) [homeassistant.setup] Setup of domain device_automation took 0.0 seconds
2023-04-14 07:36:06.197 INFO (MainThread) [homeassistant.setup] Setting up lovelace
2023-04-14 07:36:06.206 INFO (MainThread) [homeassistant.setup] Setting up http
2023-04-14 07:36:06.213 INFO (MainThread) [homeassistant.setup] Setup of domain lovelace took 0.0 seconds
2023-04-14 07:36:06.223 INFO (MainThread) [homeassistant.setup] Setup of domain http took 0.0 seconds
2023-04-14 07:36:06.239 INFO (MainThread) [homeassistant.setup] Setting up api
2023-04-14 07:36:06.243 INFO (MainThread) [homeassistant.setup] Setup of domain api took 0.0 seconds
2023-04-14 07:36:06.245 INFO (MainThread) [homeassistant.setup] Setting up auth
2023-04-14 07:36:06.246 INFO (MainThread) [homeassistant.setup] Setup of domain auth took 0.0 seconds
2023-04-14 07:36:06.250 INFO (MainThread) [homeassistant.setup] Setting up config
2023-04-14 07:36:06.259 INFO (MainThread) [homeassistant.setup] Setting up diagnostics
2023-04-14 07:36:06.267 INFO (MainThread) [homeassistant.setup] Setting up repairs
2023-04-14 07:36:06.269 INFO (MainThread) [homeassistant.setup] Setup of domain repairs took 0.0 seconds
2023-04-14 07:36:06.359 INFO (MainThread) [homeassistant.setup] Setting up file_upload
2023-04-14 07:36:06.360 INFO (MainThread) [homeassistant.setup] Setup of domain file_upload took 0.0 seconds
2023-04-14 07:36:06.362 INFO (MainThread) [homeassistant.setup] Setup of domain config took 0.1 seconds
2023-04-14 07:36:06.364 INFO (MainThread) [homeassistant.setup] Setup of domain diagnostics took 0.1 seconds
2023-04-14 07:36:06.425 INFO (MainThread) [homeassistant.setup] Setting up image_upload
2023-04-14 07:36:06.429 INFO (MainThread) [homeassistant.setup] Setting up websocket_api
2023-04-14 07:36:06.430 INFO (MainThread) [homeassistant.setup] Setup of domain websocket_api took 0.0 seconds
2023-04-14 07:36:06.436 INFO (MainThread) [homeassistant.setup] Setup of domain image_upload took 0.0 seconds
2023-04-14 07:36:06.443 INFO (SyncWorker_0) [homeassistant.loader] Loaded group from homeassistant.components.group
2023-04-14 07:36:06.451 INFO (SyncWorker_1) [homeassistant.loader] Loaded device_tracker from homeassistant.components.device_tracker
2023-04-14 07:36:06.466 INFO (MainThread) [homeassistant.setup] Setting up search
2023-04-14 07:36:06.467 INFO (MainThread) [homeassistant.setup] Setup of domain search took 0.0 seconds
2023-04-14 07:36:06.956 INFO (MainThread) [homeassistant.setup] Setting up analytics
2023-04-14 07:36:06.967 WARNING (MainThread) [asyncio] Executing <Task pending name='Task-100' coro=<_async_setup_component() running at /home/vscode/.local/lib/python3.10/site-packages/homeassistant/setup.py:256> wait_for=<Task pending name='Task-204' coro=<Store._async_load() running at /home/vscode/.local/lib/python3.10/site-packages/homeassistant/helpers/storage.py:119> cb=[Task.task_wakeup()] created at /home/vscode/.local/lib/python3.10/site-packages/homeassistant/core.py:518> cb=[Task.task_wakeup()] created at /home/vscode/.local/lib/python3.10/site-packages/homeassistant/core.py:518> took 0.499 seconds
2023-04-14 07:36:06.970 INFO (MainThread) [homeassistant.setup] Setting up person
2023-04-14 07:36:06.974 INFO (MainThread) [homeassistant.setup] Setup of domain analytics took 0.0 seconds
2023-04-14 07:36:06.984 INFO (MainThread) [homeassistant.setup] Setup of domain person took 0.0 seconds
2023-04-14 07:36:06.989 INFO (SyncWorker_1) [homeassistant.loader] Loaded hassio from homeassistant.components.hassio
2023-04-14 07:36:06.991 INFO (SyncWorker_0) [homeassistant.loader] Loaded panel_custom from homeassistant.components.panel_custom
2023-04-14 07:36:06.999 INFO (MainThread) [homeassistant.setup] Setting up onboarding
2023-04-14 07:36:07.002 INFO (MainThread) [homeassistant.setup] Setup of domain onboarding took 0.0 seconds
2023-04-14 07:36:07.004 INFO (MainThread) [homeassistant.setup] Setting up frontend
2023-04-14 07:36:07.009 INFO (MainThread) [homeassistant.setup] Setup of domain frontend took 0.0 seconds
2023-04-14 07:36:07.013 INFO (MainThread) [homeassistant.bootstrap] Setting up recorder: {'recorder'}
2023-04-14 07:36:07.015 INFO (MainThread) [homeassistant.setup] Setting up recorder
2023-04-14 07:36:07.049 INFO (MainThread) [asyncio] <Server sockets=(<asyncio.TransportSocket fd=11, family=AddressFamily.AF_INET, type=SocketKind.SOCK_STREAM, proto=6, laddr=('0.0.0.0', 8123)>, <asyncio.TransportSocket fd=12, family=AddressFamily.AF_INET6, type=SocketKind.SOCK_STREAM, proto=6, laddr=('::', 8123, 0, 0)>)> is serving
2023-04-14 07:36:07.049 INFO (MainThread) [homeassistant.components.http] Now listening on port 8123
2023-04-14 07:36:07.062 INFO (MainThread) [homeassistant.setup] Setup of domain recorder took 0.0 seconds
2023-04-14 07:36:07.064 INFO (MainThread) [homeassistant.bootstrap] Setting up stage 1: {'bluetooth', 'ssdp', 'webhook', 'http', 'network', 'zeroconf', 'usb', 'dhcp', 'websocket_api', 'api', 'cloud'}
2023-04-14 07:36:07.070 INFO (MainThread) [homeassistant.setup] Setting up webhook
2023-04-14 07:36:07.071 INFO (MainThread) [homeassistant.setup] Setup of domain webhook took 0.0 seconds
2023-04-14 07:36:07.081 INFO (MainThread) [homeassistant.setup] Setting up network
2023-04-14 07:36:07.082 INFO (MainThread) [homeassistant.setup] Setup of domain network took 0.0 seconds
2023-04-14 07:36:07.129 INFO (MainThread) [homeassistant.setup] Setting up dhcp
2023-04-14 07:36:07.131 INFO (MainThread) [homeassistant.setup] Setup of domain dhcp took 0.0 seconds
2023-04-14 07:36:07.137 INFO (MainThread) [homeassistant.setup] Setting up usb
2023-04-14 07:36:07.139 INFO (MainThread) [homeassistant.setup] Setup of domain usb took 0.0 seconds
2023-04-14 07:36:07.149 INFO (SyncWorker_0) [homeassistant.loader] Loaded google_assistant from homeassistant.components.google_assistant
2023-04-14 07:36:07.152 INFO (SyncWorker_1) [homeassistant.loader] Loaded alexa from homeassistant.components.alexa
2023-04-14 07:36:07.158 INFO (SyncWorker_0) [homeassistant.loader] Loaded camera from homeassistant.components.camera
2023-04-14 07:36:07.210 INFO (MainThread) [homeassistant.setup] Setting up zeroconf
2023-04-14 07:36:07.325 INFO (MainThread) [homeassistant.setup] Setting up bluetooth
2023-04-14 07:36:07.330 WARNING (MainThread) [asyncio] Executing <Task pending name='Task-288' coro=<_async_setup_component() running at /home/vscode/.local/lib/python3.10/site-packages/homeassistant/setup.py:256> wait_for=<Task pending name='Task-331' coro=<Store._async_load() running at /home/vscode/.local/lib/python3.10/site-packages/homeassistant/helpers/storage.py:119> cb=[Task.task_wakeup()] created at /home/vscode/.local/lib/python3.10/site-packages/homeassistant/core.py:518> cb=[Task.task_wakeup()] created at /home/vscode/.local/lib/python3.10/site-packages/homeassistant/core.py:518> took 0.115 seconds
2023-04-14 07:36:07.357 INFO (MainThread) [homeassistant.setup] Setting up ssdp
2023-04-14 07:36:07.360 INFO (MainThread) [homeassistant.setup] Setup of domain zeroconf took 0.2 seconds
2023-04-14 07:36:07.361 INFO (SyncWorker_0) [homeassistant.loader] Loaded media_player from homeassistant.components.media_player
2023-04-14 07:36:07.372 INFO (MainThread) [homeassistant.components.zeroconf] Starting Zeroconf broadcast
2023-04-14 07:36:07.585 INFO (MainThread) [homeassistant.setup] Setting up cloud
2023-04-14 07:36:07.587 WARNING (MainThread) [asyncio] Executing <Task pending name='Task-295' coro=<_async_setup_component() running at /home/vscode/.local/lib/python3.10/site-packages/homeassistant/setup.py:256> wait_for=<Task pending name='Task-341' coro=<Store._async_load() running at /home/vscode/.local/lib/python3.10/site-packages/homeassistant/helpers/storage.py:119> cb=[Task.task_wakeup()] created at /home/vscode/.local/lib/python3.10/site-packages/homeassistant/core.py:518> cb=[Task.task_wakeup()] created at /home/vscode/.local/lib/python3.10/site-packages/homeassistant/core.py:518> took 0.209 seconds
2023-04-14 07:36:07.605 INFO (MainThread) [homeassistant.setup] Setup of domain bluetooth took 0.3 seconds
2023-04-14 07:36:07.606 INFO (MainThread) [asyncio] <Server sockets=(<asyncio.TransportSocket fd=16, family=AddressFamily.AF_INET, type=SocketKind.SOCK_STREAM, proto=6, laddr=('172.17.0.3', 40000)>,)> is serving
2023-04-14 07:36:07.625 INFO (MainThread) [homeassistant.setup] Setup of domain cloud took 0.0 seconds
2023-04-14 07:36:07.628 INFO (MainThread) [homeassistant.setup] Setup of domain ssdp took 0.3 seconds
2023-04-14 07:36:07.632 INFO (MainThread) [homeassistant.bootstrap] Setting up stage 2: {'conversation', 'logbook', 'counter', 'device_automation', 'search', 'input_datetime', 'automation', 'onboarding', 'energy', 'repairs', 'input_boolean', 'mobile_app', 'schedule', 'timer', 'lovelace', 'input_number', 'hardware', 'my', 'trace', 'auth', 'analytics', 'person', 'history', 'blueprint', 'config', 'homeassistant_alerts', 'media_source', 'map', 'tag', 'input_text', 'sun', 'script', 'zone', 'diagnostics', 'input_select', 'odense_reno', 'file_upload', 'system_health', 'input_button', 'default_config', 'scene', 'image_upload', 'application_credentials'}
2023-04-14 07:36:07.652 INFO (MainThread) [homeassistant.setup] Setting up counter
2023-04-14 07:36:07.654 INFO (MainThread) [homeassistant.setup] Setting up input_datetime
2023-04-14 07:36:07.660 INFO (MainThread) [homeassistant.setup] Setting up input_boolean
2023-04-14 07:36:07.665 INFO (MainThread) [homeassistant.setup] Setting up schedule
2023-04-14 07:36:07.667 INFO (MainThread) [homeassistant.setup] Setting up timer
2023-04-14 07:36:07.670 INFO (MainThread) [homeassistant.setup] Setting up input_number
2023-04-14 07:36:07.675 INFO (MainThread) [homeassistant.setup] Setting up trace
2023-04-14 07:36:07.677 INFO (MainThread) [homeassistant.setup] Setup of domain trace took 0.0 seconds
2023-04-14 07:36:07.726 INFO (MainThread) [homeassistant.setup] Setting up history
2023-04-14 07:36:07.727 INFO (MainThread) [homeassistant.setup] Setup of domain history took 0.0 seconds
2023-04-14 07:36:07.728 INFO (MainThread) [homeassistant.setup] Setting up blueprint
2023-04-14 07:36:07.729 INFO (MainThread) [homeassistant.setup] Setup of domain blueprint took 0.0 seconds
2023-04-14 07:36:07.731 INFO (MainThread) [homeassistant.setup] Setting up homeassistant_alerts
2023-04-14 07:36:07.733 INFO (MainThread) [homeassistant.setup] Setup of domain homeassistant_alerts took 0.0 seconds
2023-04-14 07:36:07.736 INFO (MainThread) [homeassistant.setup] Setting up tag
2023-04-14 07:36:07.739 INFO (MainThread) [homeassistant.setup] Setting up input_text
2023-04-14 07:36:07.741 INFO (MainThread) [homeassistant.setup] Setting up sun
2023-04-14 07:36:07.742 INFO (MainThread) [homeassistant.setup] Setup of domain sun took 0.0 seconds
2023-04-14 07:36:07.744 INFO (MainThread) [homeassistant.setup] Setting up zone
2023-04-14 07:36:07.746 INFO (MainThread) [homeassistant.setup] Setting up input_select
2023-04-14 07:36:07.750 INFO (MainThread) [homeassistant.setup] Setting up odense_reno
2023-04-14 07:36:07.751 INFO (MainThread) [homeassistant.setup] Setup of domain odense_reno took 0.0 seconds
2023-04-14 07:36:07.752 INFO (MainThread) [homeassistant.setup] Setting up input_button
2023-04-14 07:36:07.758 INFO (MainThread) [homeassistant.setup] Setting up scene
2023-04-14 07:36:07.759 INFO (MainThread) [homeassistant.components.scene] Setting up scene.homeassistant
2023-04-14 07:36:07.845 INFO (MainThread) [homeassistant.setup] Setting up logbook
2023-04-14 07:36:07.852 INFO (MainThread) [homeassistant.setup] Setting up my
2023-04-14 07:36:07.853 INFO (MainThread) [homeassistant.setup] Setup of domain my took 0.0 seconds
2023-04-14 07:36:07.858 INFO (MainThread) [homeassistant.setup] Setting up media_source
2023-04-14 07:36:07.864 INFO (MainThread) [homeassistant.setup] Setting up map
2023-04-14 07:36:07.865 INFO (MainThread) [homeassistant.setup] Setup of domain map took 0.0 seconds
2023-04-14 07:36:07.867 INFO (MainThread) [homeassistant.setup] Setting up script
2023-04-14 07:36:07.870 INFO (MainThread) [homeassistant.setup] Setting up system_health
2023-04-14 07:36:07.879 INFO (MainThread) [homeassistant.setup] Setup of domain scene took 0.1 seconds
2023-04-14 07:36:07.881 INFO (MainThread) [homeassistant.setup] Setting up application_credentials
2023-04-14 07:36:07.894 INFO (MainThread) [homeassistant.setup] Setting up energy
2023-04-14 07:36:07.895 INFO (MainThread) [homeassistant.setup] Setup of domain energy took 0.0 seconds
2023-04-14 07:36:07.896 INFO (MainThread) [homeassistant.setup] Setting up automation
2023-04-14 07:36:07.903 INFO (MainThread) [homeassistant.setup] Setup of domain tag took 0.2 seconds
2023-04-14 07:36:07.917 INFO (MainThread) [homeassistant.setup] Setting up hardware
2023-04-14 07:36:07.959 INFO (MainThread) [homeassistant.setup] Setting up conversation
2023-04-14 07:36:07.960 INFO (MainThread) [homeassistant.setup] Setup of domain conversation took 0.0 seconds
2023-04-14 07:36:07.968 INFO (MainThread) [homeassistant.setup] Setup of domain logbook took 0.1 seconds
2023-04-14 07:36:07.971 INFO (SyncWorker_1) [homeassistant.loader] Loaded sensor from homeassistant.components.sensor
2023-04-14 07:36:07.973 INFO (MainThread) [homeassistant.setup] Setup of domain media_source took 0.1 seconds
2023-04-14 07:36:07.978 INFO (MainThread) [homeassistant.setup] Setup of domain system_health took 0.1 seconds
2023-04-14 07:36:07.980 INFO (MainThread) [homeassistant.setup] Setup of domain hardware took 0.1 seconds
2023-04-14 07:36:07.985 INFO (MainThread) [homeassistant.setup] Setup of domain counter took 0.3 seconds
2023-04-14 07:36:07.990 INFO (MainThread) [homeassistant.setup] Setup of domain timer took 0.3 seconds
2023-04-14 07:36:08.004 INFO (MainThread) [homeassistant.setup] Setup of domain script took 0.1 seconds
2023-04-14 07:36:08.011 INFO (MainThread) [homeassistant.setup] Setup of domain automation took 0.1 seconds
2023-04-14 07:36:08.016 INFO (MainThread) [homeassistant.setup] Setup of domain input_datetime took 0.4 seconds
2023-04-14 07:36:08.018 INFO (MainThread) [homeassistant.setup] Setup of domain input_boolean took 0.4 seconds
2023-04-14 07:36:08.021 INFO (MainThread) [homeassistant.setup] Setup of domain schedule took 0.4 seconds
2023-04-14 07:36:08.024 INFO (MainThread) [homeassistant.setup] Setup of domain application_credentials took 0.1 seconds
2023-04-14 07:36:08.027 INFO (MainThread) [homeassistant.setup] Setup of domain input_number took 0.4 seconds
2023-04-14 07:36:08.031 INFO (MainThread) [homeassistant.setup] Setup of domain zone took 0.3 seconds
2023-04-14 07:36:08.035 INFO (MainThread) [homeassistant.setup] Setting up sensor
2023-04-14 07:36:08.036 INFO (MainThread) [homeassistant.setup] Setup of domain sensor took 0.0 seconds
2023-04-14 07:36:08.053 INFO (SyncWorker_0) [asyncio] Getting address info mit.odenserenovation.dk:443, type=<SocketKind.SOCK_STREAM: 1>, flags=<AddressInfo.AI_ADDRCONFIG: 32> took 183.491ms: [(<AddressFamily.AF_INET: 2>, <SocketKind.SOCK_STREAM: 1>, 6, '', ('94.189.39.191', 443))]
2023-04-14 07:36:08.058 INFO (SyncWorker_1) [homeassistant.loader] Loaded notify from homeassistant.components.notify
2023-04-14 07:36:08.061 INFO (MainThread) [homeassistant.setup] Setup of domain input_text took 0.3 seconds
2023-04-14 07:36:08.065 INFO (MainThread) [homeassistant.setup] Setup of domain input_select took 0.3 seconds
2023-04-14 07:36:08.068 INFO (MainThread) [homeassistant.setup] Setup of domain input_button took 0.3 seconds
2023-04-14 07:36:08.085 INFO (MainThread) [homeassistant.components.sensor] Setting up sensor.energy
2023-04-14 07:36:08.099 INFO (MainThread) [homeassistant.setup] Setting up mobile_app
2023-04-14 07:36:08.104 INFO (MainThread) [homeassistant.setup] Setup of domain mobile_app took 0.0 seconds
2023-04-14 07:36:08.107 INFO (MainThread) [homeassistant.setup] Setting up notify
2023-04-14 07:36:08.107 INFO (MainThread) [homeassistant.setup] Setup of domain notify took 0.0 seconds
2023-04-14 07:36:08.127 INFO (MainThread) [homeassistant.components.notify] Setting up notify.mobile_app
2023-04-14 07:36:08.132 INFO (MainThread) [homeassistant.setup] Setting up default_config
2023-04-14 07:36:08.135 INFO (SyncWorker_1) [homeassistant.loader] Loaded backup from homeassistant.components.backup
2023-04-14 07:36:08.143 INFO (MainThread) [homeassistant.setup] Setting up backup
2023-04-14 07:36:08.145 INFO (MainThread) [homeassistant.setup] Setup of domain backup took 0.0 seconds
2023-04-14 07:36:08.148 INFO (MainThread) [homeassistant.setup] Setup of domain default_config took 0.0 seconds
2023-04-14 07:36:08.154 DEBUG (MainThread) [custom_components.odense_reno] Finished fetching odense_reno data in 0.320 seconds (success: True)
2023-04-14 07:36:08.159 INFO (MainThread) [homeassistant.components.sensor] Setting up sensor.odense_reno
2023-04-14 07:36:08.168 INFO (MainThread) [homeassistant.bootstrap] Home Assistant initialized in 2.16s
2023-04-14 07:36:08.169 INFO (MainThread) [homeassistant.core] Starting Home Assistant
2023-04-14 07:52:50.852 INFO (Recorder) [homeassistant.components.recorder.pool.RecorderPool] Pool recreating
